<?xml version="1.0" encoding="UTF-8"?>
<testsuite name="com.setu.navigator.MotionAlignmentTest" tests="4" skipped="0" failures="0" errors="0" timestamp="2026-09-08T19:46:08.666Z" hostname="LAPTOP-02I5BMKR" time="0.035">
  <properties/>
  <testcase name="constantSpeedCannotInventAnAbsoluteHeading" classname="com.setu.navigator.MotionAlignmentTest" time="0.015"/>
  <testcase name="noGpsCannotCalibrateAnAbsoluteHeading" classname="com.setu.navigator.MotionAlignmentTest" time="0.003"/>
  <testcase name="delayedGpsUsesTheMatchingSensorInterval" classname="com.setu.navigator.MotionAlignmentTest" time="0.011"/>
  <testcase name="gpsAndChangingMotionAlignTheRelativeFrameWithoutAnyMagnetometer" classname="com.setu.navigator.MotionAlignmentTest" time="0.005"/>
  <system-out><![CDATA[]]></system-out>
  <system-err><![CDATA[]]></system-err>
</testsuite>
