<?xml version="1.0" encoding="UTF-8"?>
<testsuite name="com.setu.navigator.ImuSynchronizerTest" tests="6" skipped="0" failures="0" errors="0" timestamp="2026-09-08T19:46:08.258Z" hostname="LAPTOP-02I5BMKR" time="0.019">
  <properties/>
  <testcase name="missingHeadingAccuracyExplainsFallbackWithoutInventingAPose" classname="com.setu.navigator.ImuSynchronizerTest" time="0.002"/>
  <testcase name="headingAvailabilityDoesNotOverrideActiveOrWithheldNativeStates" classname="com.setu.navigator.ImuSynchronizerTest" time="0.001"/>
  <testcase name="missingCounterpartIsBoundedAndRecovers" classname="com.setu.navigator.ImuSynchronizerTest" time="0.008"/>
  <testcase name="nativeSelectionRequiresOptInAndAFreshPublishedState" classname="com.setu.navigator.ImuSynchronizerTest" time="0.0"/>
  <testcase name="declinationRotatesMagneticNorthTowardTrueEast" classname="com.setu.navigator.ImuSynchronizerTest" time="0.001"/>
  <testcase name="interpolationUsesTimestampsAndNeverInventsAcrossGaps" classname="com.setu.navigator.ImuSynchronizerTest" time="0.004"/>
  <system-out><![CDATA[]]></system-out>
  <system-err><![CDATA[]]></system-err>
</testsuite>
