<?xml version="1.0" encoding="UTF-8"?>
<testsuite name="com.setu.navigator.CompassAlignmentTest" tests="5" skipped="0" failures="0" errors="0" timestamp="2026-09-08T19:46:08.021Z" hostname="LAPTOP-02I5BMKR" time="0.098">
  <properties/>
  <testcase name="staleSamplesAndSensorGapsRestartTheStabilityCheck" classname="com.setu.navigator.CompassAlignmentTest" time="0.053"/>
  <testcase name="callbackOrderDoesNotDiscardFreshSamplesJustNewerThanRotation" classname="com.setu.navigator.CompassAlignmentTest" time="0.008"/>
  <testcase name="missingAccuracyRequiresAFixAndTwoSecondsOfCheckedSensors" classname="com.setu.navigator.CompassAlignmentTest" time="0.015"/>
  <testcase name="interferenceUnreliableMagnetometerAndMotionCannotInitialize" classname="com.setu.navigator.CompassAlignmentTest" time="0.003"/>
  <testcase name="hardwareUncertaintyIsNotReplacedWhenItIsPoor" classname="com.setu.navigator.CompassAlignmentTest" time="0.001"/>
  <system-out><![CDATA[]]></system-out>
  <system-err><![CDATA[]]></system-err>
</testsuite>
