<?xml version="1.0" encoding="UTF-8"?>
<testsuite name="com.setu.navigator.LiveModelSessionTest" tests="6" skipped="0" failures="0" errors="0" timestamp="2026-09-08T19:46:08.282Z" hostname="LAPTOP-02I5BMKR" time="0.359">
  <properties/>
  <testcase name="missingCapabilityAndUnavailableMeasurementKeepTheirReasons" classname="com.setu.navigator.LiveModelSessionTest" time="0.248"/>
  <testcase name="delayedResponsesAreWithheldAndOnlyTheLatestWaitingWindowIsRetained" classname="com.setu.navigator.LiveModelSessionTest" time="0.02"/>
  <testcase name="connectionFailuresDoNotEndTheStream" classname="com.setu.navigator.LiveModelSessionTest" time="0.03"/>
  <testcase name="unavailableHealthNeverSendsSensorPayloads" classname="com.setu.navigator.LiveModelSessionTest" time="0.009"/>
  <testcase name="closingCancelsInFlightWorkAndIgnoresLateResults" classname="com.setu.navigator.LiveModelSessionTest" time="0.044"/>
  <testcase name="realAlignedWindowsReachProviderAndZeroValidityRemainsResearchOnly" classname="com.setu.navigator.LiveModelSessionTest" time="0.007"/>
  <system-out><![CDATA[]]></system-out>
  <system-err><![CDATA[]]></system-err>
</testsuite>
