<?xml version="1.0" encoding="utf-8"?><testsuites name="pytest tests"><testsuite name="pytest" errors="0" failures="0" skipped="2" tests="36" time="0.964" timestamp="2026-09-09T01:29:19.688658+05:30" hostname="LAPTOP-02I5BMKR"><testcase classname="tests.test_road_graph" name="test_compilation_is_deterministic_and_preserves_topology_and_si_lengths" time="0.275" /><testcase classname="tests.test_road_graph" name="test_malformed_graphs_are_rejected_without_partial_artifacts[duplicate_field]" time="0.015" /><testcase classname="tests.test_road_graph" name="test_malformed_graphs_are_rejected_without_partial_artifacts[duplicate_way]" time="0.021" /><testcase classname="tests.test_road_graph" name="test_malformed_graphs_are_rejected_without_partial_artifacts[fractional_node]" time="0.014" /><testcase classname="tests.test_road_graph" name="test_malformed_graphs_are_rejected_without_partial_artifacts[conflict]" time="0.010" /><testcase classname="tests.test_road_graph" name="test_malformed_graphs_are_rejected_without_partial_artifacts[bad_oneway]" time="0.025" /><testcase classname="tests.test_road_graph" name="test_malformed_graphs_are_rejected_without_partial_artifacts[trailing]" time="0.011" /><testcase classname="tests.test_road_graph" name="test_malformed_graphs_are_rejected_without_partial_artifacts[late_count]" time="0.015" /><testcase classname="tests.test_road_graph" name="test_malformed_graphs_are_rejected_without_partial_artifacts[count_mismatch]" time="0.018" /><testcase classname="tests.test_road_graph" name="test_malformed_graphs_are_rejected_without_partial_artifacts[missing_node]" time="0.014" /><testcase classname="tests.test_road_graph" name="test_malformed_graphs_are_rejected_without_partial_artifacts[bad_name]" time="0.026" /><testcase classname="tests.test_road_graph" name="test_malformed_graphs_are_rejected_without_partial_artifacts[nan_coordinate]" time="0.017" /><testcase classname="tests.test_road_graph" name="test_stream_parser_handles_small_chunks_unicode_and_eof_without_losing_positions" time="0.001" /><testcase classname="tests.test_map_pack" name="test_pack_contains_only_versioned_files_and_matching_hashes" time="0.028" /><testcase classname="tests.test_map_pack" name="test_pack_is_reproducible_and_never_overwrites" time="0.018" /><testcase classname="tests.test_map_pack" name="test_bad_manifest_creates_no_output" time="0.013" /><testcase classname="tests.test_map_pack" name="test_bundled_assets_are_reproducible_and_match_the_source" time="0.049" /><testcase classname="tests.test_map_pack" name="test_vector_bundle_omits_the_whole_region_geojson" time="0.043" /><testcase classname="tests.test_map_pack" name="test_compiled_bundle_replaces_json_graph_only_when_source_and_archive_match" time="0.069" /><testcase classname="tests.test_map_tiles" name="test_tiles_split_disconnected_road_groups_and_preserve_properties" time="0.001" /><testcase classname="tests.test_map_tiles" name="test_overview_keeps_arteries_and_water_not_every_local_street" time="0.001" /><testcase classname="tests.test_osm_region" name="test_extent_covers_outer_delhi_but_not_unrelated_cities" time="0.001" /><testcase classname="tests.test_osm_region" name="test_roads_keep_shared_nodes_coordinates_and_direction" time="0.001" /><testcase classname="tests.test_osm_region" name="test_non_drivable_roads_remain_visible_without_entering_graph[tags0]" time="0.002" /><testcase classname="tests.test_osm_region" name="test_non_drivable_roads_remain_visible_without_entering_graph[tags1]" time="0.001" /><testcase classname="tests.test_osm_region" name="test_non_drivable_roads_remain_visible_without_entering_graph[tags2]" time="0.008" /><testcase classname="tests.test_osm_region" name="test_non_drivable_roads_remain_visible_without_entering_graph[tags3]" time="0.001" /><testcase classname="tests.test_osm_region" name="test_specific_access_and_roundabout_defaults" time="0.001" /><testcase classname="tests.test_osm_region" name="test_area_rings_must_close_and_outside_ways_are_excluded" time="0.001" /><testcase classname="tests.test_osm_region" name="test_labels_use_available_offline_glyphs_without_faking_transliteration" time="0.006" /><testcase classname="tests.test_osm_region" name="test_pbf_filter_preserves_untagged_geometry_nodes_and_source_timestamp" time="0.008"><skipped type="pytest.skip" message="could not import 'osmium': No module named 'osmium'">C:\Users\AKSHIT JAIN\OneDrive\Desktop\something-main\data\query\SETU\tests\test_osm_region.py:99: could not import 'osmium': No module named 'osmium'</skipped></testcase><testcase classname="tests.test_osm_region" name="test_compaction_keeps_all_streets_but_only_declared_routing_classes" time="0.002" /><testcase classname="tests.test_osm_region" name="test_simplification_preserves_endpoints_bends_and_pinned_junctions" time="0.001" /><testcase classname="tests.test_osm_region" name="test_ncr_configuration_includes_satellite_cities_and_local_routing" time="0.024" /><testcase classname="tests.test_osm_region" name="test_full_routing_keeps_local_streets_and_chunks_large_draw_groups" time="0.007" /><testcase classname="tests.test_osm_region" name="test_multiple_extracts_deduplicate_roads_and_emit_indexed_topology" time="0.007"><skipped type="pytest.skip" message="could not import 'osmium': No module named 'osmium'">C:\Users\AKSHIT JAIN\OneDrive\Desktop\something-main\data\query\SETU\tests\test_osm_region.py:185: could not import 'osmium': No module named 'osmium'</skipped></testcase></testsuite></testsuites>