<?xml version="1.0" encoding="UTF-8"?>
<testsuite name="com.setu.navigator.GeoPointTest" tests="4" skipped="0" failures="0" errors="0" timestamp="2026-09-08T22:06:48.277Z" hostname="LAPTOP-02I5BMKR" time="0.003">
  <properties/>
  <testcase name="bearingAndInterpolationPreserveEndpoints" classname="com.setu.navigator.GeoPointTest" time="0.001"/>
  <testcase name="distanceIsSymmetricAndMeasuredInMeters" classname="com.setu.navigator.GeoPointTest" time="0.001"/>
  <testcase name="longDurationsDoNotWrapAtAnHour" classname="com.setu.navigator.GeoPointTest" time="0.001"/>
  <testcase name="nonFiniteCoordinatesAreRejected" classname="com.setu.navigator.GeoPointTest" time="0.0"/>
  <system-out><![CDATA[]]></system-out>
  <system-err><![CDATA[]]></system-err>
</testsuite>
