<?xml version="1.0" encoding="UTF-8"?>
<testsuite name="com.setu.navigator.GraphBinaryTest" tests="3" skipped="0" failures="0" errors="0" timestamp="2026-09-08T22:06:48.284Z" hostname="LAPTOP-02I5BMKR" time="0.068">
  <properties/>
  <testcase name="mappedGraphPreservesGeometryDirectionsAndPartialSegmentRoutes" classname="com.setu.navigator.GraphBinaryTest" time="0.032"/>
  <testcase name="invalidCountsCoordinatesLinksTargetsLengthsNamesAndTrailingDataFailClosed" classname="com.setu.navigator.GraphBinaryTest" time="0.031"/>
  <testcase name="cancellationLeavesTheValidatedFileUntouched" classname="com.setu.navigator.GraphBinaryTest" time="0.005"/>
  <system-out><![CDATA[]]></system-out>
  <system-err><![CDATA[]]></system-err>
</testsuite>
