<?xml version="1.0" encoding="utf-8"?><testsuites name="pytest tests"><testsuite name="pytest" errors="0" failures="1" skipped="2" tests="213" time="248.243" timestamp="2026-09-09T02:59:18.778697+05:30" hostname="LAPTOP-02I5BMKR"><testcase classname="tests.test_core_lie.TestSO3" name="test_hat_is_cross_product" time="0.073" /><testcase classname="tests.test_core_lie.TestSO3" name="test_vee_inverts_hat" time="0.003" /><testcase classname="tests.test_core_lie.TestSO3" name="test_exp_produces_valid_rotations" time="0.027" /><testcase classname="tests.test_core_lie.TestSO3" name="test_log_inverts_exp" time="0.047" /><testcase classname="tests.test_core_lie.TestSO3" name="test_log_exp_roundtrip_at_extremes[0.0]" time="0.001" /><testcase classname="tests.test_core_lie.TestSO3" name="test_log_exp_roundtrip_at_extremes[1e-14]" time="0.001" /><testcase classname="tests.test_core_lie.TestSO3" name="test_log_exp_roundtrip_at_extremes[1e-10]" time="0.001" /><testcase classname="tests.test_core_lie.TestSO3" name="test_log_exp_roundtrip_at_extremes[1e-08]" time="0.000" /><testcase classname="tests.test_core_lie.TestSO3" name="test_log_exp_roundtrip_at_extremes[1e-07]" time="0.001" /><testcase classname="tests.test_core_lie.TestSO3" name="test_log_exp_roundtrip_at_extremes[1e-06]" time="0.000" /><testcase classname="tests.test_core_lie.TestSO3" name="test_log_exp_roundtrip_at_extremes[0.001]" time="0.001" /><testcase classname="tests.test_core_lie.TestSO3" name="test_log_exp_roundtrip_at_extremes[1.0]" time="0.001" /><testcase classname="tests.test_core_lie.TestSO3" name="test_log_exp_roundtrip_at_extremes[3.141592643589793]" time="0.001" /><testcase classname="tests.test_core_lie.TestSO3" name="test_log_exp_roundtrip_at_extremes[3.141592653588793]" time="0.000" /><testcase classname="tests.test_core_lie.TestSO3" name="test_exp_matches_scipy_rotation" time="0.009" /><testcase classname="tests.test_core_lie.TestSO3" name="test_left_jacobian_inverse" time="0.024" /><testcase classname="tests.test_core_lie.TestSO3" name="test_left_jacobian_at_identity" time="0.001" /><testcase classname="tests.test_core_lie.TestSO3" name="test_left_jacobian_defining_property" time="0.014" /><testcase classname="tests.test_core_lie.TestSO3" name="test_normalize_repairs_drift" time="0.001" /><testcase classname="tests.test_core_lie.TestSO3" name="test_euler_roundtrip" time="0.011" /><testcase classname="tests.test_core_lie.TestSO3" name="test_quaternion_roundtrip" time="0.017" /><testcase classname="tests.test_core_lie.TestSE23" name="test_matrix_roundtrip" time="0.008" /><testcase classname="tests.test_core_lie.TestSE23" name="test_compose_matches_matrix_product" time="0.016" /><testcase classname="tests.test_core_lie.TestSE23" name="test_inverse" time="0.020" /><testcase classname="tests.test_core_lie.TestSE23" name="test_exp_log_roundtrip" time="0.039" /><testcase classname="tests.test_core_lie.TestSE23" name="test_exp_matches_matrix_exponential" time="0.015" /><testcase classname="tests.test_core_lie.TestSE23" name="test_adjoint_identity" time="0.026" /><testcase classname="tests.test_core_lie.TestSE23" name="test_boxplus_boxminus_roundtrip" time="0.024" /><testcase classname="tests.test_core_lie.TestSE23" name="test_identity_element" time="0.001" /><testcase classname="tests.test_estimation.TestPropagation" name="test_rotating_phone_does_not_turn_gravity_into_travel" time="0.207" /><testcase classname="tests.test_estimation.TestPropagation" name="test_ideal_imu_reproduces_the_trajectory" time="2.241" /><testcase classname="tests.test_estimation.TestPropagation" name="test_integration_error_is_second_order" time="1.425" /><testcase classname="tests.test_estimation.TestPropagation" name="test_real_imu_diverges_without_aiding" time="1.931" /><testcase classname="tests.test_estimation.TestPropagation" name="test_covariance_grows_and_stays_symmetric" time="0.864" /><testcase classname="tests.test_estimation.TestPropagation" name="test_attitude_stays_on_the_manifold" time="1.935" /><testcase classname="tests.test_estimation.TestUpdates" name="test_position_update_pulls_toward_the_measurement" time="0.001" /><testcase classname="tests.test_estimation.TestUpdates" name="test_velocity_update_pulls_toward_the_measurement" time="0.001" /><testcase classname="tests.test_estimation.TestUpdates" name="test_forward_speed_update" time="0.001" /><testcase classname="tests.test_estimation.TestUpdates" name="test_nhc_removes_side_slip" time="0.001" /><testcase classname="tests.test_estimation.TestUpdates" name="test_zupt_zeroes_velocity" time="0.001" /><testcase classname="tests.test_estimation.TestUpdates" name="test_chi_square_gate_rejects_an_outlier" time="0.001" /><testcase classname="tests.test_estimation.TestUpdates" name="test_gating_stats_are_recorded" time="0.001" /><testcase classname="tests.test_estimation.TestUpdates" name="test_svo_frequency_update_observes_the_scale" time="0.007" /><testcase classname="tests.test_estimation.TestUpdates" name="test_bias_states_converge_with_aiding" time="1.948" /><testcase classname="tests.test_estimation.TestAlignment" name="test_recovers_mount_yaw[0.0]" time="0.257" /><testcase classname="tests.test_estimation.TestAlignment" name="test_recovers_mount_yaw[25.0]" time="0.250" /><testcase classname="tests.test_estimation.TestAlignment" name="test_recovers_mount_yaw[-110.0]" time="0.254" /><testcase classname="tests.test_estimation.TestAlignment" name="test_recovers_mount_yaw[175.0]" time="0.251" /><testcase classname="tests.test_estimation.TestAlignment" name="test_reports_failure_on_a_straight_road" time="0.255" /><testcase classname="tests.test_estimation.TestAlignment" name="test_result_is_a_valid_rotation" time="0.190" /><testcase classname="tests.test_estimation.TestCurvatureSignatureAlignment" name="test_registers_a_curvy_road_to_metres" time="0.615" /><testcase classname="tests.test_estimation.TestCurvatureSignatureAlignment" name="test_is_blind_on_a_straight_road_and_says_so" time="0.381" /><testcase classname="tests.test_estimation.TestCurvatureSignatureAlignment" name="test_uncertainty_is_calibrated_on_a_non_repeating_road" time="0.653" /><testcase classname="tests.test_estimation.TestCurvatureSignatureAlignment" name="test_a_repeating_urban_grid_aliases" time="0.927" /><testcase classname="tests.test_estimation.TestCurvatureSignatureAlignment" name="test_short_window_is_rejected" time="0.135" /><testcase classname="tests.test_estimation.TestCurvatureSignatureAlignment" name="test_decimation_does_not_change_the_answer" time="2.379" /><testcase classname="tests.test_eval_and_report.TestMetrics" name="test_summarise_orders_percentiles" time="0.001" /><testcase classname="tests.test_eval_and_report.TestMetrics" name="test_summarise_handles_empty" time="0.000" /><testcase classname="tests.test_eval_and_report.TestMetrics" name="test_summarise_ignores_non_finite" time="0.001" /><testcase classname="tests.test_eval_and_report.TestMetrics" name="test_along_and_cross_decomposition" time="0.001" /><testcase classname="tests.test_eval_and_report.TestMetrics" name="test_drift_ratio_is_error_over_distance" time="0.002" /><testcase classname="tests.test_eval_and_report.TestPipeline" name="test_spectral_inputs_do_not_include_a_gnss_acceleration_prior" time="0.135" /><testcase classname="tests.test_eval_and_report.TestPipeline" name="test_unavailable_gnss_velocity_cannot_change_the_solution" time="3.531" /><testcase classname="tests.test_eval_and_report.TestPipeline" name="test_measurements_are_accepted_not_gated_out" time="21.625" /><testcase classname="tests.test_eval_and_report.TestPipeline" name="test_tracks_the_truth_while_gnss_is_present" time="0.002" /><testcase classname="tests.test_eval_and_report.TestPipeline" name="test_survives_the_blackout" time="0.002" /><testcase classname="tests.test_eval_and_report.TestPipeline" name="test_reports_its_tier_and_notes" time="0.000" /><testcase classname="tests.test_eval_and_report.TestPipeline" name="test_channels_are_recorded" time="0.000" /><testcase classname="tests.test_eval_and_report.TestPipeline" name="test_runs_without_a_map" time="19.443" /><testcase classname="tests.test_eval_and_report.TestPipeline" name="test_rejects_a_log_that_is_too_short" time="0.001" /><testcase classname="tests.test_eval_and_report.TestPipeline" name="test_determinism" time="41.302" /><testcase classname="tests.test_eval_and_report.TestAblations" name="test_setu_beats_the_classical_baseline" time="41.301" /><testcase classname="tests.test_eval_and_report.TestAblations" name="test_setu_beats_pure_inertial_by_an_order_of_magnitude" time="0.001" /><testcase classname="tests.test_eval_and_report.TestAblations" name="test_pure_inertial_diverges" time="0.000" /><testcase classname="tests.test_eval_and_report.TestAblations" name="test_setu_passes_the_sih_gate_with_margin" time="0.000" /><testcase classname="tests.test_eval_and_report.TestAblations" name="test_only_setu_registers_anchors" time="0.001" /><testcase classname="tests.test_eval_and_report.TestFalsification" name="test_sawtooth_is_positive_when_error_resets" time="20.515" /><testcase classname="tests.test_eval_and_report.TestFalsification" name="test_sawtooth_is_undefined_without_anchors" time="12.199" /><testcase classname="tests.test_eval_and_report.TestFalsification" name="test_monotone_growth_scores_zero" time="0.001" /><testcase classname="tests.test_eval_and_report.TestReport" name="test_renders_valid_standalone_html" time="41.819"><failure message="AssertionError: assert '&lt;script' not in '&lt;!doctype h...&gt;\n&lt;/html&gt;\n'&#10;  &#10;  '&lt;script' is contained here:&#10;    &gt;&#10;    &#10;    &lt;/div&gt;&#10;    &lt;script&gt;&#10;    /* Adds the sweep when the chart is reached. Purely additive: the page is...&#10;  &#10;  ...Full output truncated (15 lines hidden), use '-vv' to show">E   AssertionError: assert '&lt;script' not in '&lt;!doctype h...&gt;\n&lt;/html&gt;\n'
      
      '&lt;script' is contained here:
        &gt;
        
        &lt;/div&gt;
        &lt;script&gt;
        /* Adds the sweep when the chart is reached. Purely additive: the page is...
      
      ...Full output truncated (15 lines hidden), use '-vv' to show</failure></testcase><testcase classname="tests.test_eval_and_report.TestReport" name="test_reports_the_conditions_with_the_numbers" time="0.006" /><testcase classname="tests.test_eval_and_report.TestReport" name="test_writes_a_file" time="0.017" /><testcase classname="tests.test_eval_and_report.TestReport" name="test_charts_escape_their_inputs" time="0.001" /><testcase classname="tests.test_map_pack" name="test_pack_contains_only_versioned_files_and_matching_hashes" time="0.019" /><testcase classname="tests.test_map_pack" name="test_pack_is_reproducible_and_never_overwrites" time="0.010" /><testcase classname="tests.test_map_pack" name="test_bad_manifest_creates_no_output" time="0.004" /><testcase classname="tests.test_map_pack" name="test_bundled_assets_are_reproducible_and_match_the_source" time="0.021" /><testcase classname="tests.test_map_pack" name="test_vector_bundle_omits_the_whole_region_geojson" time="0.020" /><testcase classname="tests.test_map_pack" name="test_compiled_bundle_replaces_json_graph_only_when_source_and_archive_match" time="0.040" /><testcase classname="tests.test_map_tiles" name="test_tile_index_is_deterministic_and_hashes_each_payload" time="0.004" /><testcase classname="tests.test_map_tiles" name="test_tile_index_rejects_unsafe_paths_and_payloads[path]" time="0.003" /><testcase classname="tests.test_map_tiles" name="test_tile_index_rejects_unsafe_paths_and_payloads[coordinates]" time="0.003" /><testcase classname="tests.test_map_tiles" name="test_tile_index_rejects_unsafe_paths_and_payloads[empty]" time="0.003" /><testcase classname="tests.test_map_tiles" name="test_tile_index_rejects_unsafe_paths_and_payloads[oversized]" time="0.003" /><testcase classname="tests.test_map_tiles" name="test_tiles_split_disconnected_road_groups_and_preserve_properties" time="0.000" /><testcase classname="tests.test_map_tiles" name="test_overview_keeps_arteries_and_water_not_every_local_street" time="0.000" /><testcase classname="tests.test_mapping_road.TestFromCurvatureProfile" name="test_straight_line" time="0.001" /><testcase classname="tests.test_mapping_road.TestFromCurvatureProfile" name="test_full_circle_closes" time="0.002" /><testcase classname="tests.test_mapping_road.TestFromCurvatureProfile" name="test_quarter_circle_geometry" time="0.001" /><testcase classname="tests.test_mapping_road.TestFromCurvatureProfile" name="test_curvature_sign_convention" time="0.001" /><testcase classname="tests.test_mapping_road.TestFromCurvatureProfile" name="test_radius_matches_curvature" time="0.001" /><testcase classname="tests.test_mapping_road.TestFromCurvatureProfile" name="test_rejects_bad_input" time="0.000" /><testcase classname="tests.test_mapping_road.TestQueries" name="test_heading_and_curvature_interpolation" time="0.001" /><testcase classname="tests.test_mapping_road.TestQueries" name="test_project_on_straight" time="0.001" /><testcase classname="tests.test_mapping_road.TestQueries" name="test_project_sign_is_left_positive" time="0.001" /><testcase classname="tests.test_mapping_road.TestQueries" name="test_project_recovers_own_points" time="0.001" /><testcase classname="tests.test_mapping_road.TestQueries" name="test_project_is_subsample_accurate" time="0.001" /><testcase classname="tests.test_mapping_road.TestPolylineAndPerturbation" name="test_polyline_roundtrip" time="0.002" /><testcase classname="tests.test_mapping_road.TestPolylineAndPerturbation" name="test_perturbation_has_requested_magnitude" time="0.003" /><testcase classname="tests.test_mapping_road.TestPolylineAndPerturbation" name="test_perturbation_is_spatially_correlated" time="0.003" /><testcase classname="tests.test_mapping_road.TestPolylineAndPerturbation" name="test_resample" time="0.001" /><testcase classname="tests.test_mapping_road.TestRoutes" name="test_heading_is_the_tangent_of_the_geometry[curvy_a_road]" time="0.003" /><testcase classname="tests.test_mapping_road.TestRoutes" name="test_heading_is_the_tangent_of_the_geometry[gentle_motorway]" time="0.003" /><testcase classname="tests.test_mapping_road.TestRoutes" name="test_heading_is_the_tangent_of_the_geometry[parking_helix]" time="0.001" /><testcase classname="tests.test_mapping_road.TestRoutes" name="test_heading_is_the_tangent_of_the_geometry[roundabout_route]" time="0.002" /><testcase classname="tests.test_mapping_road.TestRoutes" name="test_heading_is_the_tangent_of_the_geometry[straight_motorway]" time="0.003" /><testcase classname="tests.test_mapping_road.TestRoutes" name="test_heading_is_the_tangent_of_the_geometry[urban_canyon]" time="0.003" /><testcase classname="tests.test_mapping_road.TestRoutes" name="test_curvature_integrates_back_to_heading[curvy_a_road]" time="0.004" /><testcase classname="tests.test_mapping_road.TestRoutes" name="test_curvature_integrates_back_to_heading[gentle_motorway]" time="0.003" /><testcase classname="tests.test_mapping_road.TestRoutes" name="test_curvature_integrates_back_to_heading[parking_helix]" time="0.001" /><testcase classname="tests.test_mapping_road.TestRoutes" name="test_curvature_integrates_back_to_heading[roundabout_route]" time="0.002" /><testcase classname="tests.test_mapping_road.TestRoutes" name="test_curvature_integrates_back_to_heading[straight_motorway]" time="0.003" /><testcase classname="tests.test_mapping_road.TestRoutes" name="test_curvature_integrates_back_to_heading[urban_canyon]" time="0.002" /><testcase classname="tests.test_mapping_road.TestRoutes" name="test_straight_motorway_has_no_curvature" time="0.003" /><testcase classname="tests.test_mapping_road.TestRoutes" name="test_roundabout_route_turns_a_lot" time="0.002" /><testcase classname="tests.test_measurements.TestSpectralOdometer" name="test_recovers_speed_at_tier_a" time="1.127" /><testcase classname="tests.test_measurements.TestSpectralOdometer" name="test_refuses_at_tier_c" time="0.156" /><testcase classname="tests.test_measurements.TestSpectralOdometer" name="test_works_on_a_straight_road" time="1.524" /><testcase classname="tests.test_measurements.TestSpectralOdometer" name="test_survives_every_road_surface[road0]" time="1.255" /><testcase classname="tests.test_measurements.TestSpectralOdometer" name="test_survives_every_road_surface[road1]" time="1.282" /><testcase classname="tests.test_measurements.TestSpectralOdometer" name="test_survives_every_road_surface[road2]" time="1.312" /><testcase classname="tests.test_measurements.TestSpectralOdometer" name="test_does_not_slip_an_octave" time="1.668" /><testcase classname="tests.test_measurements.TestSpectralOdometer" name="test_scale_error_is_pure_scale" time="1.797" /><testcase classname="tests.test_measurements.TestSpectralOdometer" name="test_uncertainty_is_not_wildly_optimistic" time="1.297" /><testcase classname="tests.test_measurements.TestCoordinatedTurnSpeedometer" name="test_car_speed_in_turns" time="0.408" /><testcase classname="tests.test_measurements.TestCoordinatedTurnSpeedometer" name="test_car_speed_is_exact_with_ideal_sensors" time="0.407" /><testcase classname="tests.test_measurements.TestCoordinatedTurnSpeedometer" name="test_unobservable_on_a_straight_road" time="0.273" /><testcase classname="tests.test_measurements.TestCoordinatedTurnSpeedometer" name="test_complementary_to_svo" time="1.827" /><testcase classname="tests.test_measurements.TestCoordinatedTurnSpeedometer" name="test_two_wheeler_naive_ratio_is_useless" time="0.287" /><testcase classname="tests.test_measurements.TestCoordinatedTurnSpeedometer" name="test_two_wheeler_lean_corrected_recovers_speed" time="0.375" /><testcase classname="tests.test_measurements.TestCoordinatedTurnSpeedometer" name="test_levelled_form_handles_a_leaning_bike" time="0.398" /><testcase classname="tests.test_measurements.TestCoordinatedTurnSpeedometer" name="test_sigma_tracks_the_actual_error" time="0.545" /><testcase classname="tests.test_measurements.TestCoordinatedTurnSpeedometer" name="test_sigma_is_not_overconfident" time="0.423" /><testcase classname="tests.test_measurements.TestCoordinatedTurnSpeedometer" name="test_residual_bias_needs_the_filter" time="0.428" /><testcase classname="tests.test_measurements.TestFusion" name="test_inverse_variance_weighting" time="0.001" /><testcase classname="tests.test_measurements.TestFusion" name="test_confident_channel_dominates" time="0.001" /><testcase classname="tests.test_measurements.TestFusion" name="test_disagreement_inflates_rather_than_picking_a_winner" time="0.001" /><testcase classname="tests.test_measurements.TestFusion" name="test_invalid_channels_are_skipped" time="0.001" /><testcase classname="tests.test_measurements.TestFusion" name="test_all_invalid_yields_no_measurement" time="0.014" /><testcase classname="tests.test_measurements.TestFusion" name="test_requires_a_shared_grid" time="0.001" /><testcase classname="tests.test_measurements.TestFusion" name="test_resample_does_not_invent_validity" time="0.000" /><testcase classname="tests.test_osm_region" name="test_extent_covers_outer_delhi_but_not_unrelated_cities" time="0.000" /><testcase classname="tests.test_osm_region" name="test_roads_keep_shared_nodes_coordinates_and_direction" time="0.000" /><testcase classname="tests.test_osm_region" name="test_non_drivable_roads_remain_visible_without_entering_graph[tags0]" time="0.000" /><testcase classname="tests.test_osm_region" name="test_non_drivable_roads_remain_visible_without_entering_graph[tags1]" time="0.001" /><testcase classname="tests.test_osm_region" name="test_non_drivable_roads_remain_visible_without_entering_graph[tags2]" time="0.000" /><testcase classname="tests.test_osm_region" name="test_non_drivable_roads_remain_visible_without_entering_graph[tags3]" time="0.000" /><testcase classname="tests.test_osm_region" name="test_specific_access_and_roundabout_defaults" time="0.000" /><testcase classname="tests.test_osm_region" name="test_area_rings_must_close_and_outside_ways_are_excluded" time="0.000" /><testcase classname="tests.test_osm_region" name="test_labels_use_available_offline_glyphs_without_faking_transliteration" time="0.000" /><testcase classname="tests.test_osm_region" name="test_pbf_filter_preserves_untagged_geometry_nodes_and_source_timestamp" time="0.015"><skipped type="pytest.skip" message="could not import 'osmium': No module named 'osmium'">C:\Users\AKSHIT JAIN\OneDrive\Desktop\something-main\data\query\SETU\tests\test_osm_region.py:99: could not import 'osmium': No module named 'osmium'</skipped></testcase><testcase classname="tests.test_osm_region" name="test_compaction_keeps_all_streets_but_only_declared_routing_classes" time="0.001" /><testcase classname="tests.test_osm_region" name="test_simplification_preserves_endpoints_bends_and_pinned_junctions" time="0.000" /><testcase classname="tests.test_osm_region" name="test_ncr_configuration_includes_satellite_cities_and_local_routing" time="0.012" /><testcase classname="tests.test_osm_region" name="test_full_routing_keeps_local_streets_and_chunks_large_draw_groups" time="0.002" /><testcase classname="tests.test_osm_region" name="test_multiple_extracts_deduplicate_roads_and_emit_indexed_topology" time="0.010"><skipped type="pytest.skip" message="could not import 'osmium': No module named 'osmium'">C:\Users\AKSHIT JAIN\OneDrive\Desktop\something-main\data\query\SETU\tests\test_osm_region.py:185: could not import 'osmium': No module named 'osmium'</skipped></testcase><testcase classname="tests.test_road_graph" name="test_compilation_is_deterministic_and_preserves_topology_and_si_lengths" time="0.016" /><testcase classname="tests.test_road_graph" name="test_malformed_graphs_are_rejected_without_partial_artifacts[duplicate_field]" time="0.009" /><testcase classname="tests.test_road_graph" name="test_malformed_graphs_are_rejected_without_partial_artifacts[duplicate_way]" time="0.010" /><testcase classname="tests.test_road_graph" name="test_malformed_graphs_are_rejected_without_partial_artifacts[fractional_node]" time="0.006" /><testcase classname="tests.test_road_graph" name="test_malformed_graphs_are_rejected_without_partial_artifacts[conflict]" time="0.004" /><testcase classname="tests.test_road_graph" name="test_malformed_graphs_are_rejected_without_partial_artifacts[bad_oneway]" time="0.005" /><testcase classname="tests.test_road_graph" name="test_malformed_graphs_are_rejected_without_partial_artifacts[trailing]" time="0.005" /><testcase classname="tests.test_road_graph" name="test_malformed_graphs_are_rejected_without_partial_artifacts[late_count]" time="0.004" /><testcase classname="tests.test_road_graph" name="test_malformed_graphs_are_rejected_without_partial_artifacts[count_mismatch]" time="0.005" /><testcase classname="tests.test_road_graph" name="test_malformed_graphs_are_rejected_without_partial_artifacts[missing_node]" time="0.004" /><testcase classname="tests.test_road_graph" name="test_malformed_graphs_are_rejected_without_partial_artifacts[bad_name]" time="0.012" /><testcase classname="tests.test_road_graph" name="test_malformed_graphs_are_rejected_without_partial_artifacts[nan_coordinate]" time="0.004" /><testcase classname="tests.test_road_graph" name="test_stream_parser_handles_small_chunks_unicode_and_eof_without_losing_positions" time="0.000" /><testcase classname="tests.test_sim.TestTruthKinematics" name="test_speed_is_never_negative" time="0.068" /><testcase classname="tests.test_sim.TestTruthKinematics" name="test_speed_is_the_derivative_of_arc_length" time="0.001" /><testcase classname="tests.test_sim.TestTruthKinematics" name="test_velocity_is_the_derivative_of_position" time="0.001" /><testcase classname="tests.test_sim.TestTruthKinematics" name="test_truth_stays_on_the_road" time="0.002" /><testcase classname="tests.test_sim.TestTruthKinematics" name="test_attitude_is_a_valid_rotation" time="0.002" /><testcase classname="tests.test_sim.TestTruthKinematics" name="test_body_x_axis_points_along_velocity" time="0.002" /><testcase classname="tests.test_sim.TestTruthKinematics" name="test_gyro_matches_numerical_attitude_derivative" time="0.022" /><testcase classname="tests.test_sim.TestTruthKinematics" name="test_yaw_rate_equals_curvature_times_speed" time="0.001" /><testcase classname="tests.test_sim.TestCoordinatedTurnPhysics" name="test_car_speed_from_levelled_lateral_acceleration" time="0.002" /><testcase classname="tests.test_sim.TestCoordinatedTurnPhysics" name="test_ignoring_body_roll_costs_more_than_ten_percent" time="0.001" /><testcase classname="tests.test_sim.TestCoordinatedTurnPhysics" name="test_car_roll_can_be_compensated_in_the_body_frame" time="0.001" /><testcase classname="tests.test_sim.TestCoordinatedTurnPhysics" name="test_car_with_no_body_roll_is_exact" time="0.057" /><testcase classname="tests.test_sim.TestCoordinatedTurnPhysics" name="test_two_wheeler_lateral_channel_reads_zero" time="0.107" /><testcase classname="tests.test_sim.TestCoordinatedTurnPhysics" name="test_two_wheeler_naive_formula_fails" time="0.001" /><testcase classname="tests.test_sim.TestCoordinatedTurnPhysics" name="test_two_wheeler_lean_corrected_formula_is_exact" time="0.001" /><testcase classname="tests.test_sim.TestCoordinatedTurnPhysics" name="test_longitudinal_acceleration_corrupts_the_full_norm_form" time="0.001" /><testcase classname="tests.test_sim.TestCoordinatedTurnPhysics" name="test_dropping_cos_phi_is_a_four_percent_error" time="0.002" /><testcase classname="tests.test_sim.TestVerticalAndGrade" name="test_tunnel_dip_changes_altitude" time="0.076" /><testcase classname="tests.test_sim.TestVerticalAndGrade" name="test_pitch_follows_the_grade" time="0.073" /><testcase classname="tests.test_sim.TestVibration" name="test_axle_line_is_at_the_predicted_frequency" time="0.182" /><testcase classname="tests.test_sim.TestVibration" name="test_axle_frequency_tracks_speed" time="0.132" /><testcase classname="tests.test_sim.TestVibration" name="test_gear_changes_are_discontinuous_but_axle_line_is_not" time="0.092" /><testcase classname="tests.test_sim.TestVibration" name="test_scooter_has_a_higher_axle_frequency_than_a_car" time="0.001" /><testcase classname="tests.test_sim.TestDriveSimulation" name="test_tiers_follow_the_sample_rate" time="0.000" /><testcase classname="tests.test_sim.TestDriveSimulation" name="test_reported_tier_matches_the_device[device0-A]" time="0.140" /><testcase classname="tests.test_sim.TestDriveSimulation" name="test_reported_tier_matches_the_device[device1-A]" time="0.096" /><testcase classname="tests.test_sim.TestDriveSimulation" name="test_reported_tier_matches_the_device[device2-C]" time="0.097" /><testcase classname="tests.test_sim.TestDriveSimulation" name="test_gravity_magnitude_survives_the_mount" time="0.131" /><testcase classname="tests.test_sim.TestDriveSimulation" name="test_outage_withholds_position_and_velocity" time="0.192" /><testcase classname="tests.test_sim.TestDriveSimulation" name="test_determinism" time="0.212" /><testcase classname="tests.test_sim.TestDriveSimulation" name="test_different_seeds_differ" time="0.250" /><testcase classname="tests.test_sim.TestDriveSimulation" name="test_magnetic_anomaly_repeats_across_traversals" time="0.277" /><testcase classname="tests.test_sim.TestDriveSimulation" name="test_barometer_resolves_a_parking_level" time="0.278" /><testcase classname="tests.test_sim.TestBandLimiting" name="test_axle_harmonics_are_removed_at_tier_c" time="0.440" /></testsuite></testsuites>